Build started 2/27/2019 1:39:41 PM.
     1>Project "C:\Users\drago\documents\visual studio 2012\Projects\OilProgram1A\OilProgram1A\OilProgram1A.vcxproj" on node 2 (Build target(s)).
     1>ClCompile:
         C:\Program Files (x86)\Microsoft Visual Studio 11.0\VC\bin\CL.exe /c /ZI /nologo /W3 /WX- /sdl /Od /Oy- /D WIN32 /D _DEBUG /D _CONSOLE /D _UNICODE /D UNICODE /Gm /EHsc /RTC1 /MDd /GS /fp:precise /Zc:wchar_t /Zc:forScope /Fo"Debug\\" /Fd"Debug\vc110.pdb" /Gd /TP /analyze- /errorReport:prompt OilProgram1A.cpp Sensor.cpp Simulation.cpp Well.cpp
         Well.cpp
         Sensor.cpp
         OilProgram1A.cpp
         Generating Code...
         Compiling...
         Simulation.cpp
     1>c:\users\drago\documents\visual studio 2012\projects\oilprogram1a\oilprogram1a\simulation.cpp(61): warning C4018: '<' : signed/unsigned mismatch
     1>c:\users\drago\documents\visual studio 2012\projects\oilprogram1a\oilprogram1a\simulation.cpp(71): warning C4018: '<' : signed/unsigned mismatch
     1>c:\users\drago\documents\visual studio 2012\projects\oilprogram1a\oilprogram1a\simulation.cpp(85): warning C4018: '<' : signed/unsigned mismatch
     1>c:\users\drago\documents\visual studio 2012\projects\oilprogram1a\oilprogram1a\simulation.cpp(105): warning C4018: '<' : signed/unsigned mismatch
     1>c:\users\drago\documents\visual studio 2012\projects\oilprogram1a\oilprogram1a\simulation.cpp(119): warning C4018: '<' : signed/unsigned mismatch
     1>c:\users\drago\documents\visual studio 2012\projects\oilprogram1a\oilprogram1a\simulation.cpp(133): warning C4018: '<' : signed/unsigned mismatch
     1>c:\users\drago\documents\visual studio 2012\projects\oilprogram1a\oilprogram1a\simulation.cpp(182): warning C4018: '<' : signed/unsigned mismatch
     1>c:\users\drago\documents\visual studio 2012\projects\oilprogram1a\oilprogram1a\simulation.cpp(218): warning C4018: '<' : signed/unsigned mismatch
     1>c:\users\drago\documents\visual studio 2012\projects\oilprogram1a\oilprogram1a\simulation.cpp(338): warning C4018: '<' : signed/unsigned mismatch
     1>c:\users\drago\documents\visual studio 2012\projects\oilprogram1a\oilprogram1a\simulation.cpp(344): warning C4018: '<' : signed/unsigned mismatch
         Generating Code...
       Link:
         C:\Program Files (x86)\Microsoft Visual Studio 11.0\VC\bin\link.exe /ERRORREPORT:PROMPT /OUT:"C:\Users\drago\documents\visual studio 2012\Projects\OilProgram1A\Debug\OilProgram1A.exe" /INCREMENTAL /NOLOGO kernel32.lib user32.lib gdi32.lib winspool.lib comdlg32.lib advapi32.lib shell32.lib ole32.lib oleaut32.lib uuid.lib odbc32.lib odbccp32.lib /MANIFEST /MANIFESTUAC:"level='asInvoker' uiAccess='false'" /manifest:embed /DEBUG /PDB:"C:\Users\drago\documents\visual studio 2012\Projects\OilProgram1A\Debug\OilProgram1A.pdb" /SUBSYSTEM:CONSOLE /TLBID:1 /DYNAMICBASE /NXCOMPAT /IMPLIB:"C:\Users\drago\documents\visual studio 2012\Projects\OilProgram1A\Debug\OilProgram1A.lib" /MACHINE:X86 Debug\FormatHelper.obj
         Debug\OilProgram1A.obj
         Debug\Sensor.obj
         Debug\Simulation.obj
         Debug\stdafx.obj
         Debug\Well.obj
         Debug\XMLOilParser.obj
         OilProgram1A.vcxproj -> C:\Users\drago\documents\visual studio 2012\Projects\OilProgram1A\Debug\OilProgram1A.exe
     1>Done Building Project "C:\Users\drago\documents\visual studio 2012\Projects\OilProgram1A\OilProgram1A\OilProgram1A.vcxproj" (Build target(s)).

Build succeeded.

Time Elapsed 00:00:21.50
